{"level":"warning","message":"锔 Datos incorrectos para el email wehoh20604@noefa.com","timestamp":"2024-06-12T13:57:14.290Z"}
{"level":"error","message":" Error al realizar el inicio de sesi贸n","timestamp":"2024-06-12T13:57:14.291Z"}
{"level":"warning","message":"锔 Datos incorrectos para el email wehoh20604@noefa.com","timestamp":"2024-06-12T13:57:21.455Z"}
{"level":"error","message":" Error al realizar el inicio de sesi贸n","timestamp":"2024-06-12T13:57:21.456Z"}
{"level":"warning","message":"锔 Datos incorrectos para el email wehoh20604@noefa.com","timestamp":"2024-06-12T13:57:27.186Z"}
{"level":"error","message":" Error al realizar el inicio de sesi贸n","timestamp":"2024-06-12T13:57:27.186Z"}
{"level":"warning","message":"锔 Datos incorrectos para el email wehoh20604@noefa.com","timestamp":"2024-06-12T13:57:31.848Z"}
{"level":"error","message":" Error al realizar el inicio de sesi贸n","timestamp":"2024-06-12T13:57:31.849Z"}
{"level":"warning","message":"锔 Datos incorrectos para el email wehoh20604@noefa.com","timestamp":"2024-06-12T13:57:44.337Z"}
{"level":"error","message":" Error al realizar el inicio de sesi贸n","timestamp":"2024-06-12T13:57:44.338Z"}
{"level":"warning","message":"锔 Datos incorrectos para el email admincoder@coder.com","timestamp":"2024-06-12T14:05:37.081Z"}
{"level":"error","message":" Error al realizar el inicio de sesi贸n","timestamp":"2024-06-12T14:05:37.082Z"}
{"level":"warning","message":"锔 Datos incorrectos para el email admincoder@coder.com","timestamp":"2024-06-12T14:05:46.328Z"}
{"level":"error","message":" Error al realizar el inicio de sesi贸n","timestamp":"2024-06-12T14:05:46.328Z"}
{"level":"warning","message":" Autorizaci贸n fallida. IP: ::1","timestamp":"2024-06-12T14:05:50.685Z"}
{"level":"warning","message":"锔 Datos incorrectos para el email admincoder@coder.com","timestamp":"2024-06-12T14:21:15.893Z"}
{"level":"error","message":" Error al realizar el inicio de sesi贸n","timestamp":"2024-06-12T14:21:15.894Z"}
{"level":"warning","message":" Autorizaci贸n fallida. IP: ::1","timestamp":"2024-06-12T14:21:24.011Z"}
{"level":"warning","message":"锔 Datos incorrectos para el email admincoder@coder.com","timestamp":"2024-06-12T14:30:30.984Z"}
{"level":"error","message":" Error al realizar el inicio de sesi贸n","timestamp":"2024-06-12T14:30:30.985Z"}
{"level":"warning","message":"锔 Datos incorrectos para el email admincoder@coder.com","timestamp":"2024-06-12T14:30:37.608Z"}
{"level":"error","message":" Error al realizar el inicio de sesi贸n","timestamp":"2024-06-12T14:30:37.608Z"}
{"level":"warning","message":" Autorizaci贸n fallida. IP: ::1","timestamp":"2024-06-12T14:30:43.780Z"}
{"level":"warning","message":" Autorizaci贸n fallida. IP: ::ffff:192.168.0.107","timestamp":"2024-06-12T14:57:19.516Z"}
{"level":"warning","message":"锔 Datos incorrectos para el email usercoder@coder.com","timestamp":"2024-06-12T14:58:35.327Z"}
{"level":"error","message":" Error al realizar el inicio de sesi贸n","timestamp":"2024-06-12T14:58:35.328Z"}
{"level":"warning","message":"锔 Datos incorrectos para el email usercoder@coder.com","timestamp":"2024-06-12T14:58:43.778Z"}
{"level":"error","message":" Error al realizar el inicio de sesi贸n","timestamp":"2024-06-12T14:58:43.778Z"}
{"level":"warning","message":" Autorizaci贸n fallida. IP: ::ffff:192.168.0.107","timestamp":"2024-06-12T15:01:00.468Z"}
{"level":"warning","message":" Autorizaci贸n fallida. IP: ::1","timestamp":"2024-06-12T15:01:14.772Z"}
{"level":"warning","message":"锔 Datos incorrectos para el email admincoder@coder.com","timestamp":"2024-06-12T15:01:23.691Z"}
{"level":"error","message":" Error al realizar el inicio de sesi贸n","timestamp":"2024-06-12T15:01:23.692Z"}
{"level":"warning","message":"锔 Datos incorrectos para el email admincoder@coder.com","timestamp":"2024-06-12T15:01:30.906Z"}
{"level":"error","message":" Error al realizar el inicio de sesi贸n","timestamp":"2024-06-12T15:01:30.906Z"}
{"level":"warning","message":" Autorizaci贸n fallida. IP: ::1","timestamp":"2024-06-12T15:01:36.762Z"}
{"level":"warning","message":" Autorizaci贸n fallida. IP: ::1","timestamp":"2024-06-12T15:33:09.107Z"}
{"level":"warning","message":"锔 Datos incorrectos para el email admincoder@coder.com","timestamp":"2024-06-12T15:33:25.788Z"}
{"level":"error","message":" Error al realizar el inicio de sesi贸n","timestamp":"2024-06-12T15:33:25.788Z"}
{"level":"warning","message":" Autorizaci贸n fallida. IP: ::1","timestamp":"2024-06-12T15:33:29.493Z"}
